<?xml version="1.0" encoding="UTF-8"?>
<testng-results ignored="0" total="4" passed="3" failed="1" skipped="0">
  <reporter-output>
  </reporter-output>
  <suite started-at="2022-05-23T19:26:58 EDT" name="Surefire suite" finished-at="2022-05-23T19:27:21 EDT" duration-ms="23016">
    <groups>
    </groups>
    <test started-at="2022-05-23T19:26:58 EDT" name="Surefire test" finished-at="2022-05-23T19:27:21 EDT" duration-ms="23016">
      <class name="com.mil.mavenGitHub.FacebookTest">
        <test-method is-config="true" signature="setUp()[pri:0, instance:com.mil.mavenGitHub.FacebookTest@7494f96a]" started-at="2022-05-23T19:26:58 EDT" name="setUp" finished-at="2022-05-23T19:27:09 EDT" duration-ms="11066" status="PASS">
          <reporter-output>
          </reporter-output>
        </test-method> <!-- setUp -->
        <test-method signature="facebookTitleTest()[pri:0, instance:com.mil.mavenGitHub.FacebookTest@7494f96a]" started-at="2022-05-23T19:27:09 EDT" name="facebookTitleTest" finished-at="2022-05-23T19:27:09 EDT" duration-ms="13" status="FAIL">
          <exception class="java.lang.AssertionError">
            <message>
              <![CDATA[Facebook title is mismatched:  expected [Facebook123 - log in or sign up] but found [Facebook - log in or sign up]]]>
            </message>
            <full-stacktrace>
              <![CDATA[java.lang.AssertionError: Facebook title is mismatched:  expected [Facebook123 - log in or sign up] but found [Facebook - log in or sign up]
at org.testng.Assert.fail(Assert.java:99)
at org.testng.Assert.failNotEquals(Assert.java:1037)
at org.testng.Assert.assertEqualsImpl(Assert.java:140)
at org.testng.Assert.assertEquals(Assert.java:122)
at org.testng.Assert.assertEquals(Assert.java:629)
at com.mil.mavenGitHub.FacebookTest.facebookTitleTest(FacebookTest.java:28)
at java.base/jdk.internal.reflect.NativeMethodAccessorImpl.invoke0(Native Method)
at java.base/jdk.internal.reflect.NativeMethodAccessorImpl.invoke(NativeMethodAccessorImpl.java:62)
at java.base/jdk.internal.reflect.DelegatingMethodAccessorImpl.invoke(DelegatingMethodAccessorImpl.java:43)
at java.base/java.lang.reflect.Method.invoke(Method.java:566)
at org.testng.internal.MethodInvocationHelper.invokeMethod(MethodInvocationHelper.java:133)
at org.testng.internal.TestInvoker.invokeMethod(TestInvoker.java:598)
at org.testng.internal.TestInvoker.invokeTestMethod(TestInvoker.java:173)
at org.testng.internal.MethodRunner.runInSequence(MethodRunner.java:46)
at org.testng.internal.TestInvoker$MethodInvocationAgent.invoke(TestInvoker.java:824)
at org.testng.internal.TestInvoker.invokeTestMethods(TestInvoker.java:146)
at org.testng.internal.TestMethodWorker.invokeTestMethods(TestMethodWorker.java:146)
at org.testng.internal.TestMethodWorker.run(TestMethodWorker.java:128)
at java.base/java.util.ArrayList.forEach(ArrayList.java:1541)
at org.testng.TestRunner.privateRun(TestRunner.java:794)
at org.testng.TestRunner.run(TestRunner.java:596)
at org.testng.SuiteRunner.runTest(SuiteRunner.java:377)
at org.testng.SuiteRunner.runSequentially(SuiteRunner.java:371)
at org.testng.SuiteRunner.privateRun(SuiteRunner.java:332)
at org.testng.SuiteRunner.run(SuiteRunner.java:276)
at org.testng.SuiteRunnerWorker.runSuite(SuiteRunnerWorker.java:53)
at org.testng.SuiteRunnerWorker.run(SuiteRunnerWorker.java:96)
at org.testng.TestNG.runSuitesSequentially(TestNG.java:1212)
at org.testng.TestNG.runSuitesLocally(TestNG.java:1134)
at org.testng.TestNG.runSuites(TestNG.java:1063)
at org.testng.TestNG.run(TestNG.java:1031)
at org.apache.maven.surefire.testng.TestNGExecutor.run(TestNGExecutor.java:151)
at org.apache.maven.surefire.testng.TestNGDirectoryTestSuite.executeSingleClass(TestNGDirectoryTestSuite.java:111)
at org.apache.maven.surefire.testng.TestNGDirectoryTestSuite.execute(TestNGDirectoryTestSuite.java:98)
at org.apache.maven.surefire.testng.TestNGProvider.invoke(TestNGProvider.java:155)
at org.apache.maven.surefire.booter.ForkedBooter.runSuitesInProcess(ForkedBooter.java:456)
at org.apache.maven.surefire.booter.ForkedBooter.execute(ForkedBooter.java:169)
at org.apache.maven.surefire.booter.ForkedBooter.run(ForkedBooter.java:595)
at org.apache.maven.surefire.booter.ForkedBooter.main(ForkedBooter.java:581)
]]>
            </full-stacktrace>
          </exception> <!-- java.lang.AssertionError -->
          <reporter-output>
          </reporter-output>
        </test-method> <!-- facebookTitleTest -->
        <test-method is-config="true" signature="tearDown()[pri:0, instance:com.mil.mavenGitHub.FacebookTest@7494f96a]" started-at="2022-05-23T19:27:09 EDT" name="tearDown" finished-at="2022-05-23T19:27:10 EDT" duration-ms="713" status="PASS">
          <reporter-output>
          </reporter-output>
        </test-method> <!-- tearDown -->
        <test-method is-config="true" signature="setUp()[pri:0, instance:com.mil.mavenGitHub.FacebookTest@7494f96a]" started-at="2022-05-23T19:27:10 EDT" name="setUp" finished-at="2022-05-23T19:27:13 EDT" duration-ms="3209" status="PASS">
          <reporter-output>
          </reporter-output>
        </test-method> <!-- setUp -->
        <test-method signature="facebookUrlTest()[pri:0, instance:com.mil.mavenGitHub.FacebookTest@7494f96a]" started-at="2022-05-23T19:27:13 EDT" name="facebookUrlTest" finished-at="2022-05-23T19:27:13 EDT" duration-ms="10" status="PASS">
          <reporter-output>
          </reporter-output>
        </test-method> <!-- facebookUrlTest -->
        <test-method is-config="true" signature="tearDown()[pri:0, instance:com.mil.mavenGitHub.FacebookTest@7494f96a]" started-at="2022-05-23T19:27:13 EDT" name="tearDown" finished-at="2022-05-23T19:27:14 EDT" duration-ms="683" status="PASS">
          <reporter-output>
          </reporter-output>
        </test-method> <!-- tearDown -->
        <test-method is-config="true" signature="setUp()[pri:0, instance:com.mil.mavenGitHub.FacebookTest@7494f96a]" started-at="2022-05-23T19:27:14 EDT" name="setUp" finished-at="2022-05-23T19:27:17 EDT" duration-ms="3011" status="PASS">
          <reporter-output>
          </reporter-output>
        </test-method> <!-- setUp -->
        <test-method signature="printStatement1()[pri:0, instance:com.mil.mavenGitHub.FacebookTest@7494f96a]" started-at="2022-05-23T19:27:17 EDT" name="printStatement1" finished-at="2022-05-23T19:27:17 EDT" duration-ms="0" status="PASS">
          <reporter-output>
          </reporter-output>
        </test-method> <!-- printStatement1 -->
        <test-method is-config="true" signature="tearDown()[pri:0, instance:com.mil.mavenGitHub.FacebookTest@7494f96a]" started-at="2022-05-23T19:27:17 EDT" name="tearDown" finished-at="2022-05-23T19:27:18 EDT" duration-ms="759" status="PASS">
          <reporter-output>
          </reporter-output>
        </test-method> <!-- tearDown -->
        <test-method is-config="true" signature="setUp()[pri:0, instance:com.mil.mavenGitHub.FacebookTest@7494f96a]" started-at="2022-05-23T19:27:18 EDT" name="setUp" finished-at="2022-05-23T19:27:20 EDT" duration-ms="2818" status="PASS">
          <reporter-output>
          </reporter-output>
        </test-method> <!-- setUp -->
        <test-method signature="printStatement2()[pri:0, instance:com.mil.mavenGitHub.FacebookTest@7494f96a]" started-at="2022-05-23T19:27:20 EDT" name="printStatement2" finished-at="2022-05-23T19:27:20 EDT" duration-ms="0" status="PASS">
          <reporter-output>
          </reporter-output>
        </test-method> <!-- printStatement2 -->
        <test-method is-config="true" signature="tearDown()[pri:0, instance:com.mil.mavenGitHub.FacebookTest@7494f96a]" started-at="2022-05-23T19:27:20 EDT" name="tearDown" finished-at="2022-05-23T19:27:21 EDT" duration-ms="666" status="PASS">
          <reporter-output>
          </reporter-output>
        </test-method> <!-- tearDown -->
      </class> <!-- com.mil.mavenGitHub.FacebookTest -->
    </test> <!-- Surefire test -->
  </suite> <!-- Surefire suite -->
</testng-results>
